Using pre-set license
Built from '2021.3/staging' branch; Version is '2021.3.11f1 (0a5ca18544bf) revision 679073'; Using compiler version '192829333'; Build Type 'Release'
OS: 'Windows 11  (10.0.22631) 64bit ProfessionalWorkstation' Language: 'ru' Physical Memory: 16309 MB
BatchMode: 1, IsHumanControllingUs: 0, StartBugReporterOnCrash: 0, Is64bit: 1, IsPro: 1

COMMAND LINE ARGUMENTS:
M:\Unity\2021.3.11f1\Editor\Unity.exe
-adb2
-batchMode
-noUpm
-name
AssetImportWorker0
-projectPath
H:/Unity/IJ
-logFile
Logs/AssetImportWorker0.log
-srvPort
50507
Successfully changed project path to: H:/Unity/IJ
H:/Unity/IJ
[UnityMemory] Configuration Parameters - Can be set up in boot.config
    "memorysetup-bucket-allocator-granularity=16"
    "memorysetup-bucket-allocator-bucket-count=8"
    "memorysetup-bucket-allocator-block-size=33554432"
    "memorysetup-bucket-allocator-block-count=8"
    "memorysetup-main-allocator-block-size=16777216"
    "memorysetup-thread-allocator-block-size=16777216"
    "memorysetup-gfx-main-allocator-block-size=16777216"
    "memorysetup-gfx-thread-allocator-block-size=16777216"
    "memorysetup-cache-allocator-block-size=4194304"
    "memorysetup-typetree-allocator-block-size=2097152"
    "memorysetup-profiler-bucket-allocator-granularity=16"
    "memorysetup-profiler-bucket-allocator-bucket-count=8"
    "memorysetup-profiler-bucket-allocator-block-size=33554432"
    "memorysetup-profiler-bucket-allocator-block-count=8"
    "memorysetup-profiler-allocator-block-size=16777216"
    "memorysetup-profiler-editor-allocator-block-size=1048576"
    "memorysetup-temp-allocator-size-main=16777216"
    "memorysetup-job-temp-allocator-block-size=2097152"
    "memorysetup-job-temp-allocator-block-size-background=1048576"
    "memorysetup-job-temp-allocator-reduction-small-platforms=262144"
    "memorysetup-temp-allocator-size-background-worker=32768"
    "memorysetup-temp-allocator-size-job-worker=262144"
    "memorysetup-temp-allocator-size-preload-manager=33554432"
    "memorysetup-temp-allocator-size-nav-mesh-worker=65536"
    "memorysetup-temp-allocator-size-audio-worker=65536"
    "memorysetup-temp-allocator-size-cloud-worker=32768"
    "memorysetup-temp-allocator-size-gi-baking-worker=262144"
    "memorysetup-temp-allocator-size-gfx=262144"
Refreshing native plugins compatible for Editor in 56.20 ms, found 3 plugins.
Preloading 0 native plugins for Editor in 0.00 ms.
Initialize engine version: 2021.3.11f1 (0a5ca18544bf)
[Subsystems] Discovering subsystems at path M:/Unity/2021.3.11f1/Editor/Data/Resources/UnitySubsystems
[Subsystems] Discovering subsystems at path H:/Unity/IJ/Assets
GfxDevice: creating device client; threaded=0; jobified=0
Direct3D:
    Version:  Direct3D 11.0 [level 11.1]
    Renderer: NVIDIA GeForce RTX 3050 (ID=0x2507)
    Vendor:   NVIDIA
    VRAM:     8056 MB
    Driver:   31.0.15.4629
Initialize mono
Mono path[0] = 'M:/Unity/2021.3.11f1/Editor/Data/Managed'
Mono path[1] = 'M:/Unity/2021.3.11f1/Editor/Data/MonoBleedingEdge/lib/mono/unityjit-win32'
Mono config path = 'M:/Unity/2021.3.11f1/Editor/Data/MonoBleedingEdge/etc'
Using monoOptions --debugger-agent=transport=dt_socket,embedding=1,server=y,suspend=n,address=127.0.0.1:56376
Begin MonoManager ReloadAssembly
Registering precompiled unity dll's ...
Register platform support module: M:/Unity/2021.3.11f1/Editor/Data/PlaybackEngines/WebGLSupport/UnityEditor.WebGL.Extensions.dll
Register platform support module: M:/Unity/2021.3.11f1/Editor/Data/PlaybackEngines/WindowsStandaloneSupport/UnityEditor.WindowsStandalone.Extensions.dll
Registered in 0.002079 seconds.
Native extension for WindowsStandalone target not found
Native extension for WebGL target not found
Refreshing native plugins compatible for Editor in 41.17 ms, found 3 plugins.
Preloading 0 native plugins for Editor in 0.00 ms.
Mono: successfully reloaded assembly
- Completed reload, in  0.574 seconds
Domain Reload Profiling:
	ReloadAssembly (575ms)
		BeginReloadAssembly (84ms)
			ExecutionOrderSort (0ms)
			DisableScriptedObjects (0ms)
			BackupInstance (0ms)
			ReleaseScriptingObjects (0ms)
			CreateAndSetChildDomain (1ms)
		EndReloadAssembly (390ms)
			LoadAssemblies (84ms)
			RebuildTransferFunctionScriptingTraits (0ms)
			SetupTypeCache (103ms)
			ReleaseScriptCaches (0ms)
			RebuildScriptCaches (40ms)
			SetupLoadedEditorAssemblies (200ms)
				LogAssemblyErrors (0ms)
				InitializePlatformSupportModulesInManaged (8ms)
				SetLoadedEditorAssemblies (0ms)
				RefreshPlugins (41ms)
				BeforeProcessingInitializeOnLoad (1ms)
				ProcessInitializeOnLoadAttributes (111ms)
				ProcessInitializeOnLoadMethodAttributes (37ms)
				AfterProcessingInitializeOnLoad (0ms)
				EditorAssembliesLoaded (0ms)
			ExecutionOrderSort2 (0ms)
			AwakeInstancesAfterBackupRestoration (0ms)
Platform modules already initialized, skipping
Registering precompiled user dll's ...
Registered in 0.004637 seconds.
Begin MonoManager ReloadAssembly
Native extension for WindowsStandalone target not found
Native extension for WebGL target not found
Refreshing native plugins compatible for Editor in 45.22 ms, found 3 plugins.
Preloading 0 native plugins for Editor in 0.00 ms.
Mono: successfully reloaded assembly
- Completed reload, in  0.975 seconds
Domain Reload Profiling:
	ReloadAssembly (976ms)
		BeginReloadAssembly (125ms)
			ExecutionOrderSort (0ms)
			DisableScriptedObjects (6ms)
			BackupInstance (0ms)
			ReleaseScriptingObjects (0ms)
			CreateAndSetChildDomain (21ms)
		EndReloadAssembly (749ms)
			LoadAssemblies (96ms)
			RebuildTransferFunctionScriptingTraits (0ms)
			SetupTypeCache (182ms)
			ReleaseScriptCaches (1ms)
			RebuildScriptCaches (63ms)
			SetupLoadedEditorAssemblies (387ms)
				LogAssemblyErrors (0ms)
				InitializePlatformSupportModulesInManaged (4ms)
				SetLoadedEditorAssemblies (0ms)
				RefreshPlugins (45ms)
				BeforeProcessingInitializeOnLoad (69ms)
				ProcessInitializeOnLoadAttributes (221ms)
				ProcessInitializeOnLoadMethodAttributes (45ms)
				AfterProcessingInitializeOnLoad (3ms)
				EditorAssembliesLoaded (0ms)
			ExecutionOrderSort2 (0ms)
			AwakeInstancesAfterBackupRestoration (7ms)
Platform modules already initialized, skipping
========================================================================
Worker process is ready to serve import requests
Launched and connected shader compiler UnityShaderCompiler.exe after 0.05 seconds
Refreshing native plugins compatible for Editor in 0.60 ms, found 3 plugins.
Preloading 0 native plugins for Editor in 0.00 ms.
Unloading 2499 Unused Serialized files (Serialized files now loaded: 0)
Unloading 33 unused Assets / (56.5 KB). Loaded Objects now: 2960.
Memory consumption went from 111.8 MB to 111.7 MB.
Total: 3.086100 ms (FindLiveObjects: 0.240100 ms CreateObjectMapping: 0.075500 ms MarkObjects: 2.682700 ms  DeleteObjects: 0.087100 ms)

AssetImportParameters requested are different than current active one (requested -> active):
  custom:video-decoder-ogg-theora: a1e56fd34408186e4bbccfd4996cb3dc -> 
  custom:container-muxer-webm: aa71ff27fc2769a1b78a27578f13a17b -> 
  custom:container-demuxer-webm: 4f35f7cbe854078d1ac9338744f61a02 -> 
  custom:video-encoder-webm-vp8: eb34c28f22e8b96e1ab97ce403110664 -> 
  custom:video-codec-MediaFoundation-h265: 746d11721c4dcdbdad8f713fa42b33f4 -> 
  custom:audio-encoder-webm-vorbis: bf7c407c2cedff20999df2af8eb42d56 -> 
  custom:framework-win-MediaFoundation: 216162199b28c13a410421893ffa2e32 -> 
  custom:container-demuxer-ogg: 62fdf1f143b41e24485cea50d1cbac27 -> 
  custom:video-decoder-webm-vp8: 9c59270c3fd7afecdb556c50c9e8de78 -> 
  custom:audio-decoder-ogg-vorbis: bf7c407c2cedff20999df2af8eb42d56 -> 
========================================================================
Received Prepare
Registering precompiled user dll's ...
Registered in 0.005249 seconds.
Begin MonoManager ReloadAssembly
Native extension for WindowsStandalone target not found
Native extension for WebGL target not found
Refreshing native plugins compatible for Editor in 0.85 ms, found 3 plugins.
Preloading 0 native plugins for Editor in 0.00 ms.
Mono: successfully reloaded assembly
- Completed reload, in  0.903 seconds
Domain Reload Profiling:
	ReloadAssembly (903ms)
		BeginReloadAssembly (140ms)
			ExecutionOrderSort (0ms)
			DisableScriptedObjects (6ms)
			BackupInstance (0ms)
			ReleaseScriptingObjects (0ms)
			CreateAndSetChildDomain (39ms)
		EndReloadAssembly (680ms)
			LoadAssemblies (94ms)
			RebuildTransferFunctionScriptingTraits (0ms)
			SetupTypeCache (188ms)
			ReleaseScriptCaches (1ms)
			RebuildScriptCaches (52ms)
			SetupLoadedEditorAssemblies (322ms)
				LogAssemblyErrors (0ms)
				InitializePlatformSupportModulesInManaged (12ms)
				SetLoadedEditorAssemblies (1ms)
				RefreshPlugins (1ms)
				BeforeProcessingInitializeOnLoad (56ms)
				ProcessInitializeOnLoadAttributes (209ms)
				ProcessInitializeOnLoadMethodAttributes (40ms)
				AfterProcessingInitializeOnLoad (3ms)
				EditorAssembliesLoaded (0ms)
			ExecutionOrderSort2 (0ms)
			AwakeInstancesAfterBackupRestoration (10ms)
Platform modules already initialized, skipping
Refreshing native plugins compatible for Editor in 2.02 ms, found 3 plugins.
Preloading 0 native plugins for Editor in 0.00 ms.
Unloading 2477 Unused Serialized files (Serialized files now loaded: 0)
Unloading 20 unused Assets / (24.7 KB). Loaded Objects now: 2963.
Memory consumption went from 109.9 MB to 109.9 MB.
Total: 3.150400 ms (FindLiveObjects: 0.441400 ms CreateObjectMapping: 0.056100 ms MarkObjects: 2.625700 ms  DeleteObjects: 0.026400 ms)

AssetImportParameters requested are different than current active one (requested -> active):
  custom:video-decoder-ogg-theora: a1e56fd34408186e4bbccfd4996cb3dc -> 
  custom:container-muxer-webm: aa71ff27fc2769a1b78a27578f13a17b -> 
  custom:container-demuxer-webm: 4f35f7cbe854078d1ac9338744f61a02 -> 
  custom:video-encoder-webm-vp8: eb34c28f22e8b96e1ab97ce403110664 -> 
  custom:video-codec-MediaFoundation-h265: 746d11721c4dcdbdad8f713fa42b33f4 -> 
  custom:audio-encoder-webm-vorbis: bf7c407c2cedff20999df2af8eb42d56 -> 
  custom:framework-win-MediaFoundation: 216162199b28c13a410421893ffa2e32 -> 
  custom:container-demuxer-ogg: 62fdf1f143b41e24485cea50d1cbac27 -> 
  custom:video-decoder-webm-vp8: 9c59270c3fd7afecdb556c50c9e8de78 -> 
  custom:audio-decoder-ogg-vorbis: bf7c407c2cedff20999df2af8eb42d56 -> 
========================================================================
Received Import Request.
  Time since last request: 934.774400 seconds.
  path: Assets/Scenes/SampleScene.unity
  artifactKey: Guid(2cda990e2423bbf4892e6590ba056729) Importer(815301076,1909f56bfc062723c751e8b465ee728b)
Start importing Assets/Scenes/SampleScene.unity using Guid(2cda990e2423bbf4892e6590ba056729) Importer(815301076,1909f56bfc062723c751e8b465ee728b)  -> (artifact id: '1ee7a15d189d20dd44ccd6d0b27ec265') in 0.013785 seconds 
========================================================================
Received Prepare
Registering precompiled user dll's ...
Registered in 0.006492 seconds.
Begin MonoManager ReloadAssembly
Native extension for WindowsStandalone target not found
Native extension for WebGL target not found
Refreshing native plugins compatible for Editor in 0.96 ms, found 3 plugins.
Preloading 0 native plugins for Editor in 0.00 ms.
Mono: successfully reloaded assembly
- Completed reload, in  1.013 seconds
Domain Reload Profiling:
	ReloadAssembly (1014ms)
		BeginReloadAssembly (155ms)
			ExecutionOrderSort (0ms)
			DisableScriptedObjects (9ms)
			BackupInstance (0ms)
			ReleaseScriptingObjects (0ms)
			CreateAndSetChildDomain (42ms)
		EndReloadAssembly (764ms)
			LoadAssemblies (108ms)
			RebuildTransferFunctionScriptingTraits (0ms)
			SetupTypeCache (226ms)
			ReleaseScriptCaches (2ms)
			RebuildScriptCaches (58ms)
			SetupLoadedEditorAssemblies (339ms)
				LogAssemblyErrors (0ms)
				InitializePlatformSupportModulesInManaged (12ms)
				SetLoadedEditorAssemblies (0ms)
				RefreshPlugins (1ms)
				BeforeProcessingInitializeOnLoad (62ms)
				ProcessInitializeOnLoadAttributes (220ms)
				ProcessInitializeOnLoadMethodAttributes (40ms)
				AfterProcessingInitializeOnLoad (2ms)
				EditorAssembliesLoaded (0ms)
			ExecutionOrderSort2 (0ms)
			AwakeInstancesAfterBackupRestoration (11ms)
Platform modules already initialized, skipping
Refreshing native plugins compatible for Editor in 2.40 ms, found 3 plugins.
Preloading 0 native plugins for Editor in 0.00 ms.
Unloading 2477 Unused Serialized files (Serialized files now loaded: 0)
Unloading 20 unused Assets / (24.6 KB). Loaded Objects now: 2966.
Memory consumption went from 109.9 MB to 109.9 MB.
Total: 3.458400 ms (FindLiveObjects: 0.375500 ms CreateObjectMapping: 0.074900 ms MarkObjects: 2.980100 ms  DeleteObjects: 0.026800 ms)

AssetImportParameters requested are different than current active one (requested -> active):
  custom:video-decoder-ogg-theora: a1e56fd34408186e4bbccfd4996cb3dc -> 
  custom:container-muxer-webm: aa71ff27fc2769a1b78a27578f13a17b -> 
  custom:container-demuxer-webm: 4f35f7cbe854078d1ac9338744f61a02 -> 
  custom:video-encoder-webm-vp8: eb34c28f22e8b96e1ab97ce403110664 -> 
  custom:video-codec-MediaFoundation-h265: 746d11721c4dcdbdad8f713fa42b33f4 -> 
  custom:audio-encoder-webm-vorbis: bf7c407c2cedff20999df2af8eb42d56 -> 
  custom:framework-win-MediaFoundation: 216162199b28c13a410421893ffa2e32 -> 
  custom:container-demuxer-ogg: 62fdf1f143b41e24485cea50d1cbac27 -> 
  custom:video-decoder-webm-vp8: 9c59270c3fd7afecdb556c50c9e8de78 -> 
  custom:audio-decoder-ogg-vorbis: bf7c407c2cedff20999df2af8eb42d56 -> 
========================================================================
Received Import Request.
  Time since last request: 322.991044 seconds.
  path: Assets/Scripts
  artifactKey: Guid(18dd264175867cc45aadb81eb66df878) Importer(815301076,1909f56bfc062723c751e8b465ee728b)
Start importing Assets/Scripts using Guid(18dd264175867cc45aadb81eb66df878) Importer(815301076,1909f56bfc062723c751e8b465ee728b)  -> (artifact id: '14cba14792474f3a8d32cce8151790df') in 0.013742 seconds 
========================================================================
Received Import Request.
  Time since last request: 1.150176 seconds.
  path: Assets/Scripts/Player
  artifactKey: Guid(84acd0b3805c3e9418113fda52a48dde) Importer(815301076,1909f56bfc062723c751e8b465ee728b)
Start importing Assets/Scripts/Player using Guid(84acd0b3805c3e9418113fda52a48dde) Importer(815301076,1909f56bfc062723c751e8b465ee728b)  -> (artifact id: '4139c5e4453c781925758a40266be797') in 0.010793 seconds 
========================================================================
Received Import Request.
  Time since last request: 1.042873 seconds.
  path: Assets/Scripts/Player/Player.cs
  artifactKey: Guid(a964942257f726d4c8c683a812648a16) Importer(815301076,1909f56bfc062723c751e8b465ee728b)
Start importing Assets/Scripts/Player/Player.cs using Guid(a964942257f726d4c8c683a812648a16) Importer(815301076,1909f56bfc062723c751e8b465ee728b)  -> (artifact id: 'fb4f5efb3977a426c49548c2fa1f2cbe') in 0.022613 seconds 
========================================================================
Received Import Request.
  Time since last request: 0.750310 seconds.
  path: Assets/Scripts/Player/PlayerMovement.cs
  artifactKey: Guid(cd56e5ba795f3544c9b5c89256c6d75b) Importer(815301076,1909f56bfc062723c751e8b465ee728b)
Start importing Assets/Scripts/Player/PlayerMovement.cs using Guid(cd56e5ba795f3544c9b5c89256c6d75b) Importer(815301076,1909f56bfc062723c751e8b465ee728b)  -> (artifact id: '3b3bf7d8f46e788319830495c078bf16') in 0.009330 seconds 
========================================================================
Received Import Request.
  Time since last request: 1.038568 seconds.
  path: Assets/Scripts/Player/PlayersBase.cs
  artifactKey: Guid(cee13162f98010a4bb12f98cbf5ee6ec) Importer(815301076,1909f56bfc062723c751e8b465ee728b)
Start importing Assets/Scripts/Player/PlayersBase.cs using Guid(cee13162f98010a4bb12f98cbf5ee6ec) Importer(815301076,1909f56bfc062723c751e8b465ee728b)  -> (artifact id: 'b0325175857b8a945ea6ba7e8d39e384') in 0.009116 seconds 
========================================================================
Received Import Request.
  Time since last request: 6.791506 seconds.
  path: Assets/Scripts/Enemy
  artifactKey: Guid(4b3d6bd0a6242fa48a1bab640f58fa58) Importer(815301076,1909f56bfc062723c751e8b465ee728b)
Start importing Assets/Scripts/Enemy using Guid(4b3d6bd0a6242fa48a1bab640f58fa58) Importer(815301076,1909f56bfc062723c751e8b465ee728b)  -> (artifact id: '3281c2a0345bfa50a9a6aa25a4b790a8') in 0.010714 seconds 
========================================================================
Received Import Request.
  Time since last request: 0.424744 seconds.
  path: Assets/Scripts/Enemy/Enemy.cs
  artifactKey: Guid(025db084c38dd2247b7fac24aafc2751) Importer(815301076,1909f56bfc062723c751e8b465ee728b)
Start importing Assets/Scripts/Enemy/Enemy.cs using Guid(025db084c38dd2247b7fac24aafc2751) Importer(815301076,1909f56bfc062723c751e8b465ee728b)  -> (artifact id: '4c9db491fc3057e4be48f25024c87f02') in 0.001932 seconds 
========================================================================
Received Import Request.
  Time since last request: 0.918065 seconds.
  path: Assets/Scripts/Enemy/EnemyMovement.cs
  artifactKey: Guid(554d92fe56450e543bede40d2d620c51) Importer(815301076,1909f56bfc062723c751e8b465ee728b)
Start importing Assets/Scripts/Enemy/EnemyMovement.cs using Guid(554d92fe56450e543bede40d2d620c51) Importer(815301076,1909f56bfc062723c751e8b465ee728b)  -> (artifact id: 'eee10cd766bb0b7791e54720866f8345') in 0.009851 seconds 
========================================================================
Received Import Request.
  Time since last request: 0.626560 seconds.
  path: Assets/Scripts/Enemy/EnemySpawner.cs
  artifactKey: Guid(dae8742710658ac4c85978f278162c71) Importer(815301076,1909f56bfc062723c751e8b465ee728b)
Start importing Assets/Scripts/Enemy/EnemySpawner.cs using Guid(dae8742710658ac4c85978f278162c71) Importer(815301076,1909f56bfc062723c751e8b465ee728b)  -> (artifact id: '7d804877e98db6ee5d9e2041d46ee7ba') in 0.007639 seconds 
========================================================================
Received Import Request.
  Time since last request: 3.418274 seconds.
  path: Assets/Scripts/Spaceship
  artifactKey: Guid(9b483092a55a5a0429dfb55b6a7a0758) Importer(815301076,1909f56bfc062723c751e8b465ee728b)
Start importing Assets/Scripts/Spaceship using Guid(9b483092a55a5a0429dfb55b6a7a0758) Importer(815301076,1909f56bfc062723c751e8b465ee728b)  -> (artifact id: '7d2ed4153b940f1ea8423382dd044f6d') in 0.009352 seconds 
========================================================================
Received Import Request.
  Time since last request: 0.525050 seconds.
  path: Assets/Scripts/Spaceship/Spaceship.cs
  artifactKey: Guid(7feed866b0463f544a3a07eff72abf7e) Importer(815301076,1909f56bfc062723c751e8b465ee728b)
Start importing Assets/Scripts/Spaceship/Spaceship.cs using Guid(7feed866b0463f544a3a07eff72abf7e) Importer(815301076,1909f56bfc062723c751e8b465ee728b)  -> (artifact id: '249f98441d48578eab82f332c903a024') in 0.001787 seconds 
========================================================================
Received Import Request.
  Time since last request: 2.058616 seconds.
  path: Assets/Scripts/Spaceship/SpaceshipMovementClamper.cs
  artifactKey: Guid(98a0275765ea39f4e9ade370a8cc7600) Importer(815301076,1909f56bfc062723c751e8b465ee728b)
Start importing Assets/Scripts/Spaceship/SpaceshipMovementClamper.cs using Guid(98a0275765ea39f4e9ade370a8cc7600) Importer(815301076,1909f56bfc062723c751e8b465ee728b)  -> (artifact id: '651c631c17ada18739a02f4ab41a1721') in 0.009395 seconds 
========================================================================
Received Import Request.
  Time since last request: 0.930649 seconds.
  path: Assets/Scripts/Spaceship/SpaceshipShooter.cs
  artifactKey: Guid(6f2eb0da33296c24cb344dedec775c72) Importer(815301076,1909f56bfc062723c751e8b465ee728b)
Start importing Assets/Scripts/Spaceship/SpaceshipShooter.cs using Guid(6f2eb0da33296c24cb344dedec775c72) Importer(815301076,1909f56bfc062723c751e8b465ee728b)  -> (artifact id: 'b861715bcd57f61230dfe7b0a2b1a17d') in 0.011195 seconds 
========================================================================
Received Import Request.
  Time since last request: 8.136732 seconds.
  path: Assets/Scripts/UI
  artifactKey: Guid(4d8a597bfbf15f84baca9abeca4bca2d) Importer(815301076,1909f56bfc062723c751e8b465ee728b)
Start importing Assets/Scripts/UI using Guid(4d8a597bfbf15f84baca9abeca4bca2d) Importer(815301076,1909f56bfc062723c751e8b465ee728b)  -> (artifact id: '8f57dfa22153ebaaa6da15792005db86') in 0.009585 seconds 
========================================================================
Received Import Request.
  Time since last request: 0.618692 seconds.
  path: Assets/Scripts/UI/EnemiesDestroyedQuantityIndicator.cs
  artifactKey: Guid(c1c38864440eedf488935f302ee58ab1) Importer(815301076,1909f56bfc062723c751e8b465ee728b)
Start importing Assets/Scripts/UI/EnemiesDestroyedQuantityIndicator.cs using Guid(c1c38864440eedf488935f302ee58ab1) Importer(815301076,1909f56bfc062723c751e8b465ee728b)  -> (artifact id: '1dc06d44ac6ef33a6d35cc541568f490') in 0.008527 seconds 
========================================================================
Received Import Request.
  Time since last request: 14.293090 seconds.
  path: Assets/Scripts/UI/HealthBar.cs
  artifactKey: Guid(2ca7253e3a9081a46bf2f71add86c3ba) Importer(815301076,1909f56bfc062723c751e8b465ee728b)
Start importing Assets/Scripts/UI/HealthBar.cs using Guid(2ca7253e3a9081a46bf2f71add86c3ba) Importer(815301076,1909f56bfc062723c751e8b465ee728b)  -> (artifact id: '047b3a00062becf066a2135c4c526f42') in 0.007496 seconds 
========================================================================
Received Import Request.
  Time since last request: 0.215697 seconds.
  path: Assets/Scripts/UI/PanelOnDieShower.cs
  artifactKey: Guid(a4c5ddb9020bab8489de67225afb4711) Importer(815301076,1909f56bfc062723c751e8b465ee728b)
Start importing Assets/Scripts/UI/PanelOnDieShower.cs using Guid(a4c5ddb9020bab8489de67225afb4711) Importer(815301076,1909f56bfc062723c751e8b465ee728b)  -> (artifact id: '145ad4bc3ce51f31bea0d4eebd2fa217') in 0.022828 seconds 
========================================================================
Received Import Request.
  Time since last request: 1.757685 seconds.
  path: Assets/Scripts/Bullet.cs
  artifactKey: Guid(bb2aee9a7acdab04c9a597eeca90847d) Importer(815301076,1909f56bfc062723c751e8b465ee728b)
Start importing Assets/Scripts/Bullet.cs using Guid(bb2aee9a7acdab04c9a597eeca90847d) Importer(815301076,1909f56bfc062723c751e8b465ee728b)  -> (artifact id: 'e8f4d5cfc8a97ced93b835606a82f19f') in 0.009137 seconds 
========================================================================
Received Import Request.
  Time since last request: 0.577276 seconds.
  path: Assets/Scripts/GameRestarter.cs
  artifactKey: Guid(33ddacbee83496a45b7c8d0a7c46806e) Importer(815301076,1909f56bfc062723c751e8b465ee728b)
Start importing Assets/Scripts/GameRestarter.cs using Guid(33ddacbee83496a45b7c8d0a7c46806e) Importer(815301076,1909f56bfc062723c751e8b465ee728b)  -> (artifact id: 'b0e154bbb01b4e3b6b4f5684987ab358') in 0.008557 seconds 
========================================================================
Received Import Request.
  Time since last request: 5.269578 seconds.
  path: Assets/Materials
  artifactKey: Guid(47edfd15700c3344d9f1bf8bf39b865b) Importer(815301076,1909f56bfc062723c751e8b465ee728b)
Start importing Assets/Materials using Guid(47edfd15700c3344d9f1bf8bf39b865b) Importer(815301076,1909f56bfc062723c751e8b465ee728b)  -> (artifact id: '532781707c5ab61816ed45827286e8ea') in 0.011681 seconds 
========================================================================
Received Import Request.
  Time since last request: 6.895997 seconds.
  path: Assets/Prefabs
  artifactKey: Guid(9afdfe1c8af091842a2bf0dffadaf43f) Importer(815301076,1909f56bfc062723c751e8b465ee728b)
Start importing Assets/Prefabs using Guid(9afdfe1c8af091842a2bf0dffadaf43f) Importer(815301076,1909f56bfc062723c751e8b465ee728b)  -> (artifact id: '7a41996e5d2818db612373a9a1f3d7c7') in 0.008932 seconds 
========================================================================
Received Import Request.
  Time since last request: 0.048377 seconds.
  path: Assets/Prefabs/Bullet.prefab
  artifactKey: Guid(9ebd5ce63871fe445bdcd109657017aa) Importer(815301076,1909f56bfc062723c751e8b465ee728b)
Start importing Assets/Prefabs/Bullet.prefab using Guid(9ebd5ce63871fe445bdcd109657017aa) Importer(815301076,1909f56bfc062723c751e8b465ee728b)  -> (artifact id: 'a85d1639879f9e7b2798fd8ed46d18ee') in 0.229335 seconds 
========================================================================
Received Import Request.
  Time since last request: 3.906134 seconds.
  path: Assets/Sprites
  artifactKey: Guid(d71e96aed68fd3b48bf6b071707b4ba4) Importer(815301076,1909f56bfc062723c751e8b465ee728b)
Start importing Assets/Sprites using Guid(d71e96aed68fd3b48bf6b071707b4ba4) Importer(815301076,1909f56bfc062723c751e8b465ee728b)  -> (artifact id: '350e871cad2ef7d7400358b10b9190ca') in 0.011254 seconds 
========================================================================
Received Import Request.
  Time since last request: 0.039299 seconds.
  path: Assets/Sprites/Bullet.png
  artifactKey: Guid(dc71dc3d8e263b24f8c7395982ea2405) Importer(815301076,1909f56bfc062723c751e8b465ee728b)
Start importing Assets/Sprites/Bullet.png using Guid(dc71dc3d8e263b24f8c7395982ea2405) Importer(815301076,1909f56bfc062723c751e8b465ee728b)  -> (artifact id: '32328ec72321188718fbaa2a6751e5da') in 0.070299 seconds 
========================================================================
Received Prepare
Registering precompiled user dll's ...
Registered in 0.004494 seconds.
Begin MonoManager ReloadAssembly
Native extension for WindowsStandalone target not found
Native extension for WebGL target not found
Refreshing native plugins compatible for Editor in 1.05 ms, found 3 plugins.
Preloading 0 native plugins for Editor in 0.00 ms.
Mono: successfully reloaded assembly
- Completed reload, in  0.957 seconds
Domain Reload Profiling:
	ReloadAssembly (958ms)
		BeginReloadAssembly (176ms)
			ExecutionOrderSort (0ms)
			DisableScriptedObjects (9ms)
			BackupInstance (0ms)
			ReleaseScriptingObjects (0ms)
			CreateAndSetChildDomain (57ms)
		EndReloadAssembly (693ms)
			LoadAssemblies (109ms)
			RebuildTransferFunctionScriptingTraits (0ms)
			SetupTypeCache (193ms)
			ReleaseScriptCaches (1ms)
			RebuildScriptCaches (49ms)
			SetupLoadedEditorAssemblies (318ms)
				LogAssemblyErrors (0ms)
				InitializePlatformSupportModulesInManaged (15ms)
				SetLoadedEditorAssemblies (1ms)
				RefreshPlugins (1ms)
				BeforeProcessingInitializeOnLoad (65ms)
				ProcessInitializeOnLoadAttributes (199ms)
				ProcessInitializeOnLoadMethodAttributes (35ms)
				AfterProcessingInitializeOnLoad (2ms)
				EditorAssembliesLoaded (0ms)
			ExecutionOrderSort2 (0ms)
			AwakeInstancesAfterBackupRestoration (9ms)
Platform modules already initialized, skipping
Refreshing native plugins compatible for Editor in 1.95 ms, found 3 plugins.
Preloading 0 native plugins for Editor in 0.00 ms.
Unloading 2477 Unused Serialized files (Serialized files now loaded: 0)
Unloading 22 unused Assets / (26.2 KB). Loaded Objects now: 2981.
Memory consumption went from 114.0 MB to 114.0 MB.
Total: 3.559500 ms (FindLiveObjects: 0.377000 ms CreateObjectMapping: 0.081000 ms MarkObjects: 3.032300 ms  DeleteObjects: 0.068300 ms)

AssetImportParameters requested are different than current active one (requested -> active):
  custom:video-decoder-ogg-theora: a1e56fd34408186e4bbccfd4996cb3dc -> 
  custom:container-muxer-webm: aa71ff27fc2769a1b78a27578f13a17b -> 
  custom:container-demuxer-webm: 4f35f7cbe854078d1ac9338744f61a02 -> 
  custom:video-encoder-webm-vp8: eb34c28f22e8b96e1ab97ce403110664 -> 
  custom:video-codec-MediaFoundation-h265: 746d11721c4dcdbdad8f713fa42b33f4 -> 
  custom:audio-encoder-webm-vorbis: bf7c407c2cedff20999df2af8eb42d56 -> 
  custom:framework-win-MediaFoundation: 216162199b28c13a410421893ffa2e32 -> 
  custom:container-demuxer-ogg: 62fdf1f143b41e24485cea50d1cbac27 -> 
  custom:video-decoder-webm-vp8: 9c59270c3fd7afecdb556c50c9e8de78 -> 
  custom:audio-decoder-ogg-vorbis: bf7c407c2cedff20999df2af8eb42d56 -> 
========================================================================
Received Prepare
Registering precompiled user dll's ...
Registered in 0.004691 seconds.
Begin MonoManager ReloadAssembly
Native extension for WindowsStandalone target not found
Native extension for WebGL target not found
Refreshing native plugins compatible for Editor in 0.61 ms, found 3 plugins.
Preloading 0 native plugins for Editor in 0.00 ms.
Mono: successfully reloaded assembly
- Completed reload, in  0.935 seconds
Domain Reload Profiling:
	ReloadAssembly (936ms)
		BeginReloadAssembly (148ms)
			ExecutionOrderSort (0ms)
			DisableScriptedObjects (10ms)
			BackupInstance (0ms)
			ReleaseScriptingObjects (0ms)
			CreateAndSetChildDomain (36ms)
		EndReloadAssembly (686ms)
			LoadAssemblies (108ms)
			RebuildTransferFunctionScriptingTraits (0ms)
			SetupTypeCache (194ms)
			ReleaseScriptCaches (1ms)
			RebuildScriptCaches (45ms)
			SetupLoadedEditorAssemblies (315ms)
				LogAssemblyErrors (0ms)
				InitializePlatformSupportModulesInManaged (12ms)
				SetLoadedEditorAssemblies (0ms)
				RefreshPlugins (1ms)
				BeforeProcessingInitializeOnLoad (55ms)
				ProcessInitializeOnLoadAttributes (205ms)
				ProcessInitializeOnLoadMethodAttributes (40ms)
				AfterProcessingInitializeOnLoad (2ms)
				EditorAssembliesLoaded (0ms)
			ExecutionOrderSort2 (0ms)
			AwakeInstancesAfterBackupRestoration (9ms)
Platform modules already initialized, skipping
Refreshing native plugins compatible for Editor in 1.86 ms, found 3 plugins.
Preloading 0 native plugins for Editor in 0.00 ms.
Unloading 2477 Unused Serialized files (Serialized files now loaded: 0)
Unloading 20 unused Assets / (24.7 KB). Loaded Objects now: 2984.
Memory consumption went from 114.0 MB to 114.0 MB.
Total: 3.147600 ms (FindLiveObjects: 0.284700 ms CreateObjectMapping: 0.073600 ms MarkObjects: 2.759300 ms  DeleteObjects: 0.028800 ms)

AssetImportParameters requested are different than current active one (requested -> active):
  custom:video-decoder-ogg-theora: a1e56fd34408186e4bbccfd4996cb3dc -> 
  custom:container-muxer-webm: aa71ff27fc2769a1b78a27578f13a17b -> 
  custom:container-demuxer-webm: 4f35f7cbe854078d1ac9338744f61a02 -> 
  custom:video-encoder-webm-vp8: eb34c28f22e8b96e1ab97ce403110664 -> 
  custom:video-codec-MediaFoundation-h265: 746d11721c4dcdbdad8f713fa42b33f4 -> 
  custom:audio-encoder-webm-vorbis: bf7c407c2cedff20999df2af8eb42d56 -> 
  custom:framework-win-MediaFoundation: 216162199b28c13a410421893ffa2e32 -> 
  custom:container-demuxer-ogg: 62fdf1f143b41e24485cea50d1cbac27 -> 
  custom:video-decoder-webm-vp8: 9c59270c3fd7afecdb556c50c9e8de78 -> 
  custom:audio-decoder-ogg-vorbis: bf7c407c2cedff20999df2af8eb42d56 -> 
